<?xml version="1.0" encoding="UTF-8"?>
<testsuites name="RunCase" time="0" tests="0" failures="0" errors="0">
   <testsuite name="RunCase" tests="0" failures="0" errors="0" time="0" timestamp="2018-05-12 13:37:57" hostname="Administrator - XSHD--20161124D" id="Test Suites/RunCase">
      <properties>
         <property name="deviceName" value=""/>
         <property name="devicePlatform" value=""/>
         <property name="logFolder" value="E:\\katalon_Automation\\katalon-studio-official-resources\\Reports\\RunCase\\20180512_133751"/>
         <property name="logFiles" value="E:\\katalon_Automation\\katalon-studio-official-resources\\Reports\\RunCase\\20180512_133751\\execution0.log"/>
         <property name="attachments" value=""/>
         <property name="hostName" value="Administrator - XSHD--20161124D"/>
         <property name="hostAddress" value="192.168.56.1"/>
         <property name="os" value="Windows 7 64bit"/>
         <property name="katalonVersion" value="5.4.1.1"/>
      </properties>
      <system-out><![CDATA[2018-05-12 13:37:57 - [TEST_SUITE][INCOMPLETE] - RunCase: null]]></system-out>
      <system-err><![CDATA[2018-05-12 13:37:57 - [TEST_SUITE][INCOMPLETE] - RunCase: null]]></system-err>
   </testsuite>
</testsuites>
