<?xml version="1.0" encoding="UTF-8"?>
<testsuites name="Data-Driven Testing" time="65" tests="3" failures="0" errors="0">
   <testsuite name="Data-Driven Testing" tests="3" failures="0" errors="0" time="65" timestamp="2018-05-17 18:13:30" hostname="charleychen - CNCDUW0045.aaxischina.net" id="Test Suites/Data-Driven Testing">
      <properties>
         <property name="deviceName" value=""/>
         <property name="devicePlatform" value=""/>
         <property name="logFolder" value="D:\\Entel\\automation\\katalon-studio-official-resources\\Reports\\Data-Driven Testing\\20180517_181326"/>
         <property name="logFiles" value="D:\\Entel\\automation\\katalon-studio-official-resources\\Reports\\Data-Driven Testing\\20180517_181326\\execution0.log"/>
         <property name="attachments" value=""/>
         <property name="hostName" value="charleychen - CNCDUW0045.aaxischina.net"/>
         <property name="os" value="Windows 7 64bit"/>
         <property name="katalonVersion" value="5.4.1.1"/>
         <property name="browser" value="Chrome 66.0.3359.181"/>
         <property name="hostAddress" value="172.17.118.89"/>
         <property name="sessionId" value="b191415aa6ccf8c2a441795a3c772914"/>
         <property name="seleniumVersion" value="3.7.1"/>
         <property name="proxyInformation" value="ProxyInformation{proxyOption=MANUAL_CONFIG, proxyServerType=HTTP, password=, proxyServerAddress=10.10.106.111, proxyServerPort=3128}"/>
         <property name="platform" value="Windows 7"/>
      </properties>
      <testcase name="Test Cases/Data-Driven Testing" classname="Test Cases/Data-Driven Testing" status="PASSED">
         <system-out><![CDATA[2018-05-17 18:13:30 - [TEST_CASE][PASSED] - Test Cases/Data-Driven Testing: Test Cases/Data-Driven Testing

2018-05-17 18:13:31 - [TEST_STEP][PASSED] - openBrowser: Browser is opened with url: 'http://demoaut.katalon.com/profile.php#login'

2018-05-17 18:13:49 - [MESSAGE][PASSED] - Browser is opened with url: 'http://demoaut.katalon.com/profile.php#login'

2018-05-17 18:13:49 - [TEST_STEP][PASSED] - setText: Text 'admin' is set on object 'Object Repository/Data-Driven Testing/input_UserName'

2018-05-17 18:13:50 - [MESSAGE][PASSED] - Text 'admin' is set on object 'Object Repository/Data-Driven Testing/input_UserName'

2018-05-17 18:13:50 - [TEST_STEP][PASSED] - setText: Text 'adminabc' is set on object 'Object Repository/Data-Driven Testing/input_Password'

2018-05-17 18:13:50 - [MESSAGE][PASSED] - Text 'adminabc' is set on object 'Object Repository/Data-Driven Testing/input_Password'

2018-05-17 18:13:50 - [TEST_STEP][PASSED] - click: Object: 'Object Repository/Data-Driven Testing/btn_Login' is clicked on

2018-05-17 18:13:52 - [MESSAGE][PASSED] - Object: 'Object Repository/Data-Driven Testing/btn_Login' is clicked on

2018-05-17 18:13:52 - [TEST_STEP][PASSED] - delay: Delayed 3 second(s)

2018-05-17 18:13:55 - [MESSAGE][PASSED] - Delayed 3 second(s)

2018-05-17 18:13:55 - [TEST_STEP][PASSED] - verifyElementPresent: Object 'Object Repository/Data-Driven Testing/btn_MakeAppointment' is present

2018-05-17 18:13:55 - [MESSAGE][PASSED] - Object 'Object Repository/Data-Driven Testing/btn_MakeAppointment' is present

2018-05-17 18:13:55 - [TEST_STEP][PASSED] - closeBrowser: Browser is closed

2018-05-17 18:13:56 - [MESSAGE][PASSED] - Browser is closed]]></system-out>
         <system-err><![CDATA[]]></system-err>
      </testcase>
      <testcase name="Test Cases/Data-Driven Testing" classname="Test Cases/Data-Driven Testing" status="PASSED">
         <system-out><![CDATA[2018-05-17 18:13:56 - [TEST_CASE][PASSED] - Test Cases/Data-Driven Testing: Test Cases/Data-Driven Testing

2018-05-17 18:13:56 - [TEST_STEP][PASSED] - openBrowser: Browser is opened with url: 'http://demoaut.katalon.com/profile.php#login'

2018-05-17 18:14:07 - [MESSAGE][PASSED] - Browser is opened with url: 'http://demoaut.katalon.com/profile.php#login'

2018-05-17 18:14:07 - [TEST_STEP][PASSED] - setText: Text 'John Doe' is set on object 'Object Repository/Data-Driven Testing/input_UserName'

2018-05-17 18:14:07 - [MESSAGE][PASSED] - Text 'John Doe' is set on object 'Object Repository/Data-Driven Testing/input_UserName'

2018-05-17 18:14:07 - [TEST_STEP][PASSED] - setText: Text 'ThisIsNotAPassword' is set on object 'Object Repository/Data-Driven Testing/input_Password'

2018-05-17 18:14:08 - [MESSAGE][PASSED] - Text 'ThisIsNotAPassword' is set on object 'Object Repository/Data-Driven Testing/input_Password'

2018-05-17 18:14:08 - [TEST_STEP][PASSED] - click: Object: 'Object Repository/Data-Driven Testing/btn_Login' is clicked on

2018-05-17 18:14:10 - [MESSAGE][PASSED] - Object: 'Object Repository/Data-Driven Testing/btn_Login' is clicked on

2018-05-17 18:14:10 - [TEST_STEP][PASSED] - delay: Delayed 3 second(s)

2018-05-17 18:14:13 - [MESSAGE][PASSED] - Delayed 3 second(s)

2018-05-17 18:14:13 - [TEST_STEP][PASSED] - verifyElementPresent: Object 'Object Repository/Data-Driven Testing/btn_MakeAppointment' is present

2018-05-17 18:14:13 - [MESSAGE][PASSED] - Object 'Object Repository/Data-Driven Testing/btn_MakeAppointment' is present

2018-05-17 18:14:13 - [TEST_STEP][PASSED] - closeBrowser: Browser is closed

2018-05-17 18:14:14 - [MESSAGE][PASSED] - Browser is closed]]></system-out>
         <system-err><![CDATA[]]></system-err>
      </testcase>
      <testcase name="Test Cases/Data-Driven Testing" classname="Test Cases/Data-Driven Testing" status="PASSED">
         <system-out><![CDATA[2018-05-17 18:14:14 - [TEST_CASE][PASSED] - Test Cases/Data-Driven Testing: Test Cases/Data-Driven Testing

2018-05-17 18:14:14 - [TEST_STEP][PASSED] - openBrowser: Browser is opened with url: 'http://demoaut.katalon.com/profile.php#login'

2018-05-17 18:14:24 - [MESSAGE][PASSED] - Browser is opened with url: 'http://demoaut.katalon.com/profile.php#login'

2018-05-17 18:14:24 - [TEST_STEP][PASSED] - setText: Text 'test' is set on object 'Object Repository/Data-Driven Testing/input_UserName'

2018-05-17 18:14:25 - [MESSAGE][PASSED] - Text 'test' is set on object 'Object Repository/Data-Driven Testing/input_UserName'

2018-05-17 18:14:25 - [TEST_STEP][PASSED] - setText: Text 'testpwd' is set on object 'Object Repository/Data-Driven Testing/input_Password'

2018-05-17 18:14:25 - [MESSAGE][PASSED] - Text 'testpwd' is set on object 'Object Repository/Data-Driven Testing/input_Password'

2018-05-17 18:14:25 - [TEST_STEP][PASSED] - click: Object: 'Object Repository/Data-Driven Testing/btn_Login' is clicked on

2018-05-17 18:14:31 - [MESSAGE][PASSED] - Object: 'Object Repository/Data-Driven Testing/btn_Login' is clicked on

2018-05-17 18:14:31 - [TEST_STEP][PASSED] - delay: Delayed 3 second(s)

2018-05-17 18:14:34 - [MESSAGE][PASSED] - Delayed 3 second(s)

2018-05-17 18:14:34 - [TEST_STEP][PASSED] - verifyElementPresent: Object 'Object Repository/Data-Driven Testing/btn_MakeAppointment' is present

2018-05-17 18:14:34 - [MESSAGE][PASSED] - Object 'Object Repository/Data-Driven Testing/btn_MakeAppointment' is present

2018-05-17 18:14:34 - [TEST_STEP][PASSED] - closeBrowser: Browser is closed

2018-05-17 18:14:35 - [MESSAGE][PASSED] - Browser is closed]]></system-out>
         <system-err><![CDATA[]]></system-err>
      </testcase>
      <system-out><![CDATA[2018-05-17 18:13:30 - [TEST_SUITE][PASSED] - Data-Driven Testing: Test Cases/Data-Driven Testing]]></system-out>
      <system-err><![CDATA[]]></system-err>
   </testsuite>
</testsuites>
